<?xml version="1.0" encoding="UTF-8"?>
<!-- Generated by org.testng.reporters.JUnitReportReporter -->
<testsuite hostname="LAPTOP-A9PLG0DS" failures="0" tests="1" name="TestSuite.AllTest" time="53.250" errors="0" timestamp="2023-07-04T14:09:46 IST" skipped="0">
  <testcase classname="TestSuite.AllTest" name="test" time="53.250"/>
</testsuite> <!-- TestSuite.AllTest -->
